f:\workspace\cppworkspace\mfcinvokedll\mfcinvokedll\debug\mfcinvokedll.pch
f:\workspace\cppworkspace\mfcinvokedll\mfcinvokedll\debug\vc120.pdb
f:\workspace\cppworkspace\mfcinvokedll\mfcinvokedll\debug\vc120.idb
f:\workspace\cppworkspace\mfcinvokedll\mfcinvokedll\debug\stdafx.obj
f:\workspace\cppworkspace\mfcinvokedll\mfcinvokedll\debug\mfcinvokedll.obj
f:\workspace\cppworkspace\mfcinvokedll\mfcinvokedll\debug\mfcinvokedlldlg.obj
f:\workspace\cppworkspace\mfcinvokedll\mfcinvokedll\debug\mfcinvokedll.res
f:\workspace\cppworkspace\mfcinvokedll\mfcinvokedll\debug\mfcinvokedll.ilk
f:\workspace\cppworkspace\mfcinvokedll\mfcinvokedll\debug\mfcinvokedll.pdb
f:\workspace\cppworkspace\mfcinvokedll\debug\mfcinvokedll.pdb
f:\workspace\cppworkspace\mfcinvokedll\mfcinvokedll\debug\mfcinvokedll.tlog\cl.command.1.tlog
f:\workspace\cppworkspace\mfcinvokedll\mfcinvokedll\debug\mfcinvokedll.tlog\cl.read.1.tlog
f:\workspace\cppworkspace\mfcinvokedll\mfcinvokedll\debug\mfcinvokedll.tlog\cl.write.1.tlog
f:\workspace\cppworkspace\mfcinvokedll\mfcinvokedll\debug\mfcinvokedll.tlog\link-cvtres.read.1.tlog
f:\workspace\cppworkspace\mfcinvokedll\mfcinvokedll\debug\mfcinvokedll.tlog\link-cvtres.write.1.tlog
f:\workspace\cppworkspace\mfcinvokedll\mfcinvokedll\debug\mfcinvokedll.tlog\link-mt.read.1.tlog
f:\workspace\cppworkspace\mfcinvokedll\mfcinvokedll\debug\mfcinvokedll.tlog\link-mt.write.1.tlog
f:\workspace\cppworkspace\mfcinvokedll\mfcinvokedll\debug\mfcinvokedll.tlog\link-rc.read.1.tlog
f:\workspace\cppworkspace\mfcinvokedll\mfcinvokedll\debug\mfcinvokedll.tlog\link-rc.write.1.tlog
f:\workspace\cppworkspace\mfcinvokedll\mfcinvokedll\debug\mfcinvokedll.tlog\link.command.1.tlog
f:\workspace\cppworkspace\mfcinvokedll\mfcinvokedll\debug\mfcinvokedll.tlog\link.read.1.tlog
f:\workspace\cppworkspace\mfcinvokedll\mfcinvokedll\debug\mfcinvokedll.tlog\link.write.1.tlog
f:\workspace\cppworkspace\mfcinvokedll\mfcinvokedll\debug\mfcinvokedll.tlog\rc.command.1.tlog
f:\workspace\cppworkspace\mfcinvokedll\mfcinvokedll\debug\mfcinvokedll.tlog\rc.read.1.tlog
f:\workspace\cppworkspace\mfcinvokedll\mfcinvokedll\debug\mfcinvokedll.tlog\rc.write.1.tlog
